<?xml version="1.0" encoding="UTF-8"?>
<!-- Generated by org.testng.reporters.JUnitReportReporter -->
<testsuite skipped="0" hostname="DESKTOP-N6I9BBA" name="ksrtc.tests.NewUserRegistration" tests="1" failures="0" timestamp="2020-02-11T22:26:14 IST" time="13.616" errors="0">
  <testcase name="signUp" time="13.616" classname="ksrtc.tests.NewUserRegistration"/>
  <system-out/>
</testsuite> <!-- ksrtc.tests.NewUserRegistration -->
